<?xml version="1.0" encoding="UTF-8"?>
<!-- Generated by org.testng.reporters.JUnitReportReporter -->
<testsuite skipped="0" hostname="DESKTOP-GI6UN8V" name="ui.VerifyTitleTest" tests="2" failures="0" timestamp="2023-05-08T16:15:56 IST" time="13.541" errors="0">
  <testcase name="TitleTest" time="7.002" classname="ui.VerifyTitleTest"/>
  <system-out/>
  <testcase name="TitleTest" time="6.539" classname="ui.VerifyTitleTest"/>
  <system-out/>
</testsuite> <!-- ui.VerifyTitleTest -->
