<?xml version="1.0" encoding="UTF-8"?>
<!-- Generated by org.testng.reporters.JUnitReportReporter -->
<testsuite hostname="DESKTOP-GI6UN8V" failures="0" tests="10" name="TestNGBasics.InvocationCountTest" time="0.015" errors="0" timestamp="2023-05-18T14:34:31 IST" skipped="0">
  <testcase classname="TestNGBasics.InvocationCountTest" name="sum" time="0.001"/>
  <system-out/>
  <testcase classname="TestNGBasics.InvocationCountTest" name="sum" time="0.001"/>
  <system-out/>
  <testcase classname="TestNGBasics.InvocationCountTest" name="sum" time="0.000"/>
  <system-out/>
  <testcase classname="TestNGBasics.InvocationCountTest" name="sum" time="0.002"/>
  <system-out/>
  <testcase classname="TestNGBasics.InvocationCountTest" name="sum" time="0.000"/>
  <system-out/>
  <testcase classname="TestNGBasics.InvocationCountTest" name="sum" time="0.001"/>
  <system-out/>
  <testcase classname="TestNGBasics.InvocationCountTest" name="sum" time="0.007"/>
  <system-out/>
  <testcase classname="TestNGBasics.InvocationCountTest" name="sum" time="0.001"/>
  <system-out/>
  <testcase classname="TestNGBasics.InvocationCountTest" name="sum" time="0.001"/>
  <system-out/>
  <testcase classname="TestNGBasics.InvocationCountTest" name="sum" time="0.001"/>
  <system-out/>
</testsuite> <!-- TestNGBasics.InvocationCountTest -->
