<?xml version="1.0" encoding="UTF-8"?>
<!-- Generated by org.testng.reporters.JUnitReportReporter -->
<testsuite skipped="0" hostname="DESKTOP-GI6UN8V" name="ui.VerifyTitleAndTextTest" tests="2" failures="0" timestamp="2023-05-08T16:15:56 IST" time="28.819" errors="0">
  <testcase name="titleTest" time="20.451" classname="ui.VerifyTitleAndTextTest"/>
  <system-out/>
  <testcase name="titleTest" time="8.368" classname="ui.VerifyTitleAndTextTest"/>
  <system-out/>
</testsuite> <!-- ui.VerifyTitleAndTextTest -->
