<?xml version="1.0" encoding="UTF-8"?>
<!-- Generated by org.testng.reporters.JUnitReportReporter -->
<testsuite hostname="DESKTOP-GI6UN8V" failures="0" tests="4" name="ui.WebsiteDataprovider" time="31.301" errors="0" timestamp="2023-05-18T14:59:18 IST" skipped="0">
  <testcase classname="ui.WebsiteDataprovider" name="testdata" time="9.947"/>
  <system-out/>
  <testcase classname="ui.WebsiteDataprovider" name="testdata" time="7.036"/>
  <system-out/>
  <testcase classname="ui.WebsiteDataprovider" name="testdata" time="7.345"/>
  <system-out/>
  <testcase classname="ui.WebsiteDataprovider" name="testdata" time="6.973"/>
  <system-out/>
</testsuite> <!-- ui.WebsiteDataprovider -->
