<?xml version="1.0" encoding="UTF-8"?>
<!-- Generated by org.testng.reporters.JUnitReportReporter -->
<testsuite hostname="DESKTOP-GI6UN8V" failures="0" tests="4" name="ui.ReportsCode" time="0.016" errors="0" timestamp="2023-05-19T15:35:22 IST" skipped="0">
  <testcase classname="ui.ReportsCode" name="reportTest1" time="0.012"/>
  <system-out/>
  <testcase classname="ui.ReportsCode" name="reportTest3" time="0.001"/>
  <system-out/>
  <testcase classname="ui.ReportsCode" name="reportTest2" time="0.001"/>
  <system-out>
    <![CDATA[This is test]]>
  </system-out>
  <testcase classname="ui.ReportsCode" name="reportTest4" time="0.002"/>
  <system-out/>
</testsuite> <!-- ui.ReportsCode -->
