<?xml version="1.0" encoding="UTF-8"?>
<!-- Generated by org.testng.reporters.JUnitReportReporter -->
<testsuite skipped="0" hostname="DESKTOP-GI6UN8V" name="ui.DataProviderInFile" tests="4" failures="0" timestamp="2023-05-09T14:46:30 IST" time="0.008" errors="0">
  <testcase name="test1" time="0.005" classname="ui.DataProviderInFile"/>
  <system-out/>
  <testcase name="test1" time="0.001" classname="ui.DataProviderInFile"/>
  <system-out/>
  <testcase name="test1" time="0.001" classname="ui.DataProviderInFile"/>
  <system-out/>
  <testcase name="test1" time="0.001" classname="ui.DataProviderInFile"/>
  <system-out/>
</testsuite> <!-- ui.DataProviderInFile -->
