<?xml version="1.0" encoding="UTF-8"?>
<!-- Generated by org.testng.reporters.JUnitReportReporter -->
<testsuite skipped="0" hostname="DESKTOP-GI6UN8V" name="ui.GroupDemoTest" tests="5" failures="0" timestamp="2023-05-10T16:06:09 IST" time="0.011" errors="0">
  <testcase name="Test3" time="0.005" classname="ui.GroupDemoTest"/>
  <system-out/>
  <testcase name="Test5" time="0.001" classname="ui.GroupDemoTest"/>
  <system-out/>
  <testcase name="Test4" time="0.001" classname="ui.GroupDemoTest"/>
  <system-out/>
  <testcase name="Test1" time="0.002" classname="ui.GroupDemoTest"/>
  <system-out/>
  <testcase name="Test2" time="0.002" classname="ui.GroupDemoTest"/>
  <system-out/>
</testsuite> <!-- ui.GroupDemoTest -->
