<?xml version="1.0" encoding="UTF-8"?>
<!-- Generated by org.testng.reporters.JUnitReportReporter -->
<testsuite hostname="DESKTOP-GI6UN8V" failures="0" tests="6" name="TestNGBasics.GoogleTest" time="37.188" errors="0" timestamp="2023-07-06T21:56:15 IST" skipped="0">
  <testcase classname="TestNGBasics.GoogleTest" name="Retest" time="4.587"/>
  <system-out/>
  <testcase classname="TestNGBasics.GoogleTest" name="Logotest" time="5.088"/>
  <system-out/>
  <testcase classname="TestNGBasics.GoogleTest" name="links" time="10.589"/>
  <system-out/>
  <testcase classname="TestNGBasics.GoogleTest" name="getTitle" time="5.489"/>
  <system-out/>
  <testcase classname="TestNGBasics.GoogleTest" name="test2" time="6.595"/>
  <system-out/>
  <testcase classname="TestNGBasics.GoogleTest" name="test1" time="4.840"/>
  <system-out/>
</testsuite> <!-- TestNGBasics.GoogleTest -->
