<?xml version="1.0" encoding="UTF-8"?>
<!-- Generated by org.testng.reporters.JUnitReportReporter -->
<testsuite skipped="0" hostname="DESKTOP-GI6UN8V" name="TestNGBasics.testngbasic" tests="1" failures="0" timestamp="2023-05-10T20:45:04 IST" time="0.004" errors="0">
  <testcase name="googletitletest" time="0.004" classname="TestNGBasics.testngbasic"/>
  <system-out/>
</testsuite> <!-- TestNGBasics.testngbasic -->
